<?xml version="1.0" encoding="UTF-8"?>
<!-- Generated by org.testng.reporters.JUnitXMLReporter -->
<testsuite hostname="LAPTOP-8GHHT276" ignored="0" name="Test" tests="10" failures="1" timestamp="26 Jan 2020 19:21:49 GMT" time="0.056" errors="0">
  <testcase name="f" time="0.0" classname="selenium.Testing1"/>
  <testcase name="f" time="0.0" classname="selenium.Testing1"/>
  <testcase name="test1" time="0.0" classname="selenium.Testing1"/>
  <testcase name="test2" time="0.0" classname="selenium.Testing1"/>
  <testcase name="test3" time="0.001" classname="selenium.Testing1"/>
  <testcase name="test4" time="0.0" classname="selenium.Testing2"/>
  <testcase name="test5" time="0.0" classname="selenium.Testing2"/>
  <testcase name="homeTest" time="0.002" classname="selenium.Testing3"/>
  <testcase name="mainTest" time="0.0" classname="selenium.Testing3"/>
  <testcase name="endTest" time="0.001" classname="selenium.Testing3">
    <failure type="java.lang.AssertionError" message="expected [abc1] but found [abc]">
      <![CDATA[java.lang.AssertionError: expected [abc1] but found [abc]
at selenium.Testing3.endTest(Testing3.java:35)
... Removed 30 stack frames]]>
    </failure>
  </testcase> <!-- endTest -->
</testsuite> <!-- Test -->
